2025-08-01 10:20:14,968 INFO: Enhanced Invoice Processor started
2025-08-01 10:20:15,024 INFO: ==================================================
2025-08-01 10:20:15,026 INFO: Enhanced Invoice Processing System Starting
2025-08-01 10:20:15,028 INFO: Upload folder: uploads
2025-08-01 10:20:15,031 INFO: Batch folder: batch_uploads
2025-08-01 10:20:15,034 INFO: Export folder: exports
2025-08-01 10:20:15,042 INFO: Max file size: 16.0MB
2025-08-01 10:20:15,045 INFO: Max batch files: 50
2025-08-01 10:20:15,052 INFO: OCI Available: False
2025-08-01 10:20:15,090 INFO: Tesseract Available: False
2025-08-01 10:20:15,102 INFO: ==================================================
2025-08-01 10:20:16,798 INFO: Enhanced Invoice Processor started
2025-08-01 10:20:16,800 INFO: ==================================================
2025-08-01 10:20:16,800 INFO: Enhanced Invoice Processing System Starting
2025-08-01 10:20:16,806 INFO: Upload folder: uploads
2025-08-01 10:20:16,806 INFO: Batch folder: batch_uploads
2025-08-01 10:20:16,807 INFO: Export folder: exports
2025-08-01 10:20:16,808 INFO: Max file size: 16.0MB
2025-08-01 10:20:16,809 INFO: Max batch files: 50
2025-08-01 10:20:16,809 INFO: OCI Available: False
2025-08-01 10:20:16,810 INFO: Tesseract Available: False
2025-08-01 10:20:16,810 INFO: ==================================================
2025-08-01 10:45:30,580 INFO: Enhanced Invoice Processor started
2025-08-01 10:45:30,591 INFO: ==================================================
2025-08-01 10:45:30,592 INFO: Enhanced Invoice Processing System Starting
2025-08-01 10:45:30,593 INFO: Upload folder: uploads
2025-08-01 10:45:30,594 INFO: Batch folder: batch_uploads
2025-08-01 10:45:30,599 INFO: Export folder: exports
2025-08-01 10:45:30,601 INFO: Max file size: 16.0MB
2025-08-01 10:45:30,602 INFO: Max batch files: 50
2025-08-01 10:45:30,604 INFO: OCI Available: False
2025-08-01 10:45:30,607 INFO: Tesseract Available: False
2025-08-01 10:45:30,608 INFO: ==================================================
2025-08-01 10:45:31,902 INFO: Enhanced Invoice Processor started
2025-08-01 10:45:31,905 INFO: ==================================================
2025-08-01 10:45:31,906 INFO: Enhanced Invoice Processing System Starting
2025-08-01 10:45:31,908 INFO: Upload folder: uploads
2025-08-01 10:45:31,908 INFO: Batch folder: batch_uploads
2025-08-01 10:45:31,908 INFO: Export folder: exports
2025-08-01 10:45:31,909 INFO: Max file size: 16.0MB
2025-08-01 10:45:31,909 INFO: Max batch files: 50
2025-08-01 10:45:31,910 INFO: OCI Available: False
2025-08-01 10:45:31,911 INFO: Tesseract Available: False
2025-08-01 10:45:31,912 INFO: ==================================================
2025-08-01 15:25:05,543 INFO: Enhanced Invoice Processor started
2025-08-01 15:25:05,582 INFO: ==================================================
2025-08-01 15:25:05,591 INFO: Enhanced Invoice Processing System Starting
2025-08-01 15:25:05,593 INFO: Upload folder: uploads
2025-08-01 15:25:05,595 INFO: Batch folder: batch_uploads
2025-08-01 15:25:05,608 INFO: Export folder: exports
2025-08-01 15:25:05,613 INFO: Max file size: 16.0MB
2025-08-01 15:25:05,625 INFO: Max batch files: 50
2025-08-01 15:25:05,638 INFO: OCI Available: False
2025-08-01 15:25:05,645 INFO: Tesseract Available: False
2025-08-01 15:25:05,658 INFO: ==================================================
2025-08-01 15:27:07,990 INFO: Enhanced Invoice Processor started
2025-08-01 15:27:08,121 INFO: ==================================================
2025-08-01 15:27:08,242 INFO: Enhanced Invoice Processing System Starting
2025-08-01 15:27:08,308 INFO: Upload folder: uploads
2025-08-01 15:27:08,343 INFO: Batch folder: batch_uploads
2025-08-01 15:27:08,360 INFO: Export folder: exports
2025-08-01 15:27:08,394 INFO: Max file size: 16.0MB
2025-08-01 15:27:08,424 INFO: Max batch files: 50
2025-08-01 15:27:08,507 INFO: OCI Available: False
2025-08-01 15:27:08,621 INFO: Tesseract Available: False
2025-08-01 15:27:08,657 INFO: ==================================================
2025-08-01 15:50:42,237 INFO: Enhanced Invoice Processor started
2025-08-01 15:50:42,243 INFO: ==================================================
2025-08-01 15:50:42,244 INFO: Enhanced Invoice Processing System Starting
2025-08-01 15:50:42,247 INFO: Upload folder: uploads
2025-08-01 15:50:42,249 INFO: Batch folder: batch_uploads
2025-08-01 15:50:42,254 INFO: Export folder: exports
2025-08-01 15:50:42,255 INFO: Max file size: 16.0MB
2025-08-01 15:50:42,276 INFO: OCI Available: False
2025-08-01 15:50:42,295 INFO: Tesseract Available: True
2025-08-01 15:50:42,318 INFO: ==================================================
2025-08-01 15:50:44,715 INFO: Enhanced Invoice Processor started
2025-08-01 15:50:44,725 INFO: ==================================================
2025-08-01 15:50:44,730 INFO: Enhanced Invoice Processing System Starting
2025-08-01 15:50:44,737 INFO: Upload folder: uploads
2025-08-01 15:50:44,737 INFO: Batch folder: batch_uploads
2025-08-01 15:50:44,739 INFO: Export folder: exports
2025-08-01 15:50:44,739 INFO: Max file size: 16.0MB
2025-08-01 15:50:44,740 INFO: OCI Available: False
2025-08-01 15:50:44,742 INFO: Tesseract Available: True
2025-08-01 15:50:44,742 INFO: ==================================================
2025-08-01 15:51:07,974 INFO: [1/1] Processing file: 20250801_155107_1-10.pdf
2025-08-01 15:52:13,806 WARNING: Failed to process invoice 1 from 20250801_155107_1-10.pdf
2025-08-01 15:52:13,837 WARNING: Failed to process invoice 2 from 20250801_155107_1-10.pdf
2025-08-01 15:52:13,856 WARNING: Failed to process invoice 3 from 20250801_155107_1-10.pdf
2025-08-01 15:52:13,885 WARNING: Failed to process invoice 4 from 20250801_155107_1-10.pdf
2025-08-01 15:52:13,889 WARNING: Failed to process invoice 5 from 20250801_155107_1-10.pdf
2025-08-01 15:52:13,923 WARNING: Failed to process invoice 6 from 20250801_155107_1-10.pdf
2025-08-01 15:52:14,091 INFO: Processed 1 file(s) in 66.56s - 0 successful, 6 failed
2025-08-01 15:52:34,803 INFO: [1/1] Processing file: 20250801_155234_1-10.pdf
2025-08-01 15:52:47,631 WARNING: Failed to process invoice 1 from 20250801_155234_1-10.pdf
2025-08-01 15:52:47,640 WARNING: Failed to process invoice 2 from 20250801_155234_1-10.pdf
2025-08-01 15:52:47,642 WARNING: Failed to process invoice 3 from 20250801_155234_1-10.pdf
2025-08-01 15:52:47,644 WARNING: Failed to process invoice 4 from 20250801_155234_1-10.pdf
2025-08-01 15:52:47,648 WARNING: Failed to process invoice 5 from 20250801_155234_1-10.pdf
2025-08-01 15:52:47,652 WARNING: Failed to process invoice 6 from 20250801_155234_1-10.pdf
2025-08-01 15:52:47,672 INFO: Processed 1 file(s) in 12.99s - 0 successful, 6 failed
2025-08-01 23:21:36,076 INFO: Enhanced Invoice Processor started
2025-08-01 23:21:36,090 INFO: ==================================================
2025-08-01 23:21:36,099 INFO: Enhanced Invoice Processing System Starting
2025-08-01 23:21:36,142 INFO: Upload folder: uploads
2025-08-01 23:21:36,157 INFO: Batch folder: batch_uploads
2025-08-01 23:21:36,161 INFO: Export folder: exports
2025-08-01 23:21:36,163 INFO: Max file size: 16.0MB
2025-08-01 23:21:36,174 INFO: OCI Available: False
2025-08-01 23:21:36,178 INFO: Tesseract Available: True
2025-08-01 23:21:36,191 INFO: ==================================================
2025-08-01 23:21:40,052 INFO: Enhanced Invoice Processor started
2025-08-01 23:21:40,074 INFO: ==================================================
2025-08-01 23:21:40,076 INFO: Enhanced Invoice Processing System Starting
2025-08-01 23:21:40,080 INFO: Upload folder: uploads
2025-08-01 23:21:40,081 INFO: Batch folder: batch_uploads
2025-08-01 23:21:40,088 INFO: Export folder: exports
2025-08-01 23:21:40,092 INFO: Max file size: 16.0MB
2025-08-01 23:21:40,103 INFO: OCI Available: False
2025-08-01 23:21:40,110 INFO: Tesseract Available: True
2025-08-01 23:21:40,111 INFO: ==================================================
2025-08-01 23:22:50,878 INFO: [1/1] Processing file: 20250801_232250_1-10.pdf
2025-08-01 23:23:21,794 WARNING: Failed to process invoice 1 from 20250801_232250_1-10.pdf
2025-08-01 23:23:21,839 WARNING: Failed to process invoice 2 from 20250801_232250_1-10.pdf
2025-08-01 23:23:21,843 WARNING: Failed to process invoice 3 from 20250801_232250_1-10.pdf
2025-08-01 23:23:21,877 WARNING: Failed to process invoice 4 from 20250801_232250_1-10.pdf
2025-08-01 23:23:21,976 WARNING: Failed to process invoice 5 from 20250801_232250_1-10.pdf
2025-08-01 23:23:22,028 WARNING: Failed to process invoice 6 from 20250801_232250_1-10.pdf
2025-08-01 23:23:22,154 INFO: Processed 1 file(s) in 31.38s - 0 successful, 6 failed
2025-08-01 23:25:54,171 INFO: [1/1] Processing file: 20250801_232554_41-50.pdf
2025-08-01 23:26:59,318 WARNING: Failed to process invoice 1 from 20250801_232554_41-50.pdf
2025-08-01 23:26:59,406 WARNING: Failed to process invoice 2 from 20250801_232554_41-50.pdf
2025-08-01 23:26:59,415 WARNING: Failed to process invoice 3 from 20250801_232554_41-50.pdf
2025-08-01 23:26:59,423 WARNING: Failed to process invoice 4 from 20250801_232554_41-50.pdf
2025-08-01 23:26:59,433 WARNING: Failed to process invoice 5 from 20250801_232554_41-50.pdf
2025-08-01 23:26:59,495 WARNING: Failed to process invoice 6 from 20250801_232554_41-50.pdf
2025-08-01 23:26:59,500 WARNING: Failed to process invoice 7 from 20250801_232554_41-50.pdf
2025-08-01 23:26:59,548 WARNING: Failed to process invoice 8 from 20250801_232554_41-50.pdf
2025-08-01 23:26:59,613 INFO: Processed 1 file(s) in 65.51s - 0 successful, 8 failed
2025-08-01 23:27:55,447 INFO: [1/1] Processing file: 20250801_232755_1-10.pdf
2025-08-01 23:28:13,475 WARNING: Failed to process invoice 1 from 20250801_232755_1-10.pdf
2025-08-01 23:28:13,479 WARNING: Failed to process invoice 2 from 20250801_232755_1-10.pdf
2025-08-01 23:28:13,482 WARNING: Failed to process invoice 3 from 20250801_232755_1-10.pdf
2025-08-01 23:28:13,483 WARNING: Failed to process invoice 4 from 20250801_232755_1-10.pdf
2025-08-01 23:28:13,493 WARNING: Failed to process invoice 5 from 20250801_232755_1-10.pdf
2025-08-01 23:28:13,514 WARNING: Failed to process invoice 6 from 20250801_232755_1-10.pdf
2025-08-01 23:28:13,570 INFO: Processed 1 file(s) in 18.26s - 0 successful, 6 failed
2025-08-01 23:28:16,329 INFO: [1/1] Processing file: 20250801_232816_11-20.pdf
2025-08-01 23:28:40,716 WARNING: Failed to process invoice 1 from 20250801_232816_11-20.pdf
2025-08-01 23:28:40,732 WARNING: Failed to process invoice 2 from 20250801_232816_11-20.pdf
2025-08-01 23:28:40,747 WARNING: Failed to process invoice 3 from 20250801_232816_11-20.pdf
2025-08-01 23:28:40,773 WARNING: Failed to process invoice 4 from 20250801_232816_11-20.pdf
2025-08-01 23:28:40,795 WARNING: Failed to process invoice 5 from 20250801_232816_11-20.pdf
2025-08-01 23:28:40,801 WARNING: Failed to process invoice 6 from 20250801_232816_11-20.pdf
2025-08-01 23:28:40,807 WARNING: Failed to process invoice 7 from 20250801_232816_11-20.pdf
2025-08-01 23:28:40,809 WARNING: Failed to process invoice 8 from 20250801_232816_11-20.pdf
2025-08-01 23:28:40,837 INFO: Processed 1 file(s) in 24.71s - 0 successful, 8 failed
2025-08-01 23:28:42,179 INFO: [1/1] Processing file: 20250801_232842_21-30.pdf
2025-08-01 23:28:59,910 WARNING: Failed to process invoice 1 from 20250801_232842_21-30.pdf
2025-08-01 23:28:59,914 WARNING: Failed to process invoice 2 from 20250801_232842_21-30.pdf
2025-08-01 23:28:59,916 WARNING: Failed to process invoice 3 from 20250801_232842_21-30.pdf
2025-08-01 23:28:59,927 WARNING: Failed to process invoice 4 from 20250801_232842_21-30.pdf
2025-08-01 23:28:59,934 WARNING: Failed to process invoice 5 from 20250801_232842_21-30.pdf
2025-08-01 23:28:59,946 WARNING: Failed to process invoice 6 from 20250801_232842_21-30.pdf
2025-08-01 23:28:59,949 WARNING: Failed to process invoice 7 from 20250801_232842_21-30.pdf
2025-08-01 23:28:59,967 WARNING: Failed to process invoice 8 from 20250801_232842_21-30.pdf
2025-08-01 23:28:59,982 INFO: Processed 1 file(s) in 17.87s - 0 successful, 8 failed
2025-08-01 23:29:03,173 INFO: [1/1] Processing file: 20250801_232903_31-40.pdf
2025-08-01 23:29:16,401 WARNING: Failed to process invoice 1 from 20250801_232903_31-40.pdf
2025-08-01 23:29:16,412 WARNING: Failed to process invoice 2 from 20250801_232903_31-40.pdf
2025-08-01 23:29:16,428 WARNING: Failed to process invoice 3 from 20250801_232903_31-40.pdf
2025-08-01 23:29:16,447 INFO: Processed 1 file(s) in 13.33s - 0 successful, 3 failed
2025-08-01 23:29:16,811 INFO: [1/1] Processing file: 20250801_232916_51-53.pdf
2025-08-01 23:29:21,264 WARNING: Failed to process invoice 1 from 20250801_232916_51-53.pdf
2025-08-01 23:29:21,265 WARNING: Failed to process invoice 2 from 20250801_232916_51-53.pdf
2025-08-01 23:29:21,268 WARNING: Failed to process invoice 3 from 20250801_232916_51-53.pdf
2025-08-01 23:29:21,280 INFO: Processed 1 file(s) in 4.49s - 0 successful, 3 failed
